{
  "stats": {
    "suites": 53,
    "tests": 236,
    "passes": 109,
    "pending": 0,
    "failures": 127,
    "start": "2025-04-06T14:13:09.967Z",
    "end": "2025-04-06T14:16:58.354Z",
    "duration": 228387,
    "testsRegistered": 246,
    "passPercent": 44.3089430894309,
    "pendingPercent": 0,
    "other": 4,
    "hasOther": true,
    "skipped": 10,
    "hasSkipped": true
  },
  "results": [
    {
      "uuid": "57f5b4cc-a244-4526-9f0a-7eb2ed0e6c8e",
      "title": "",
      "fullFile": "",
      "file": "",
      "beforeHooks": [],
      "afterHooks": [],
      "tests": [],
      "suites": [
        {
          "uuid": "eb254adb-25a4-4ddc-97bd-5a30f8532fd5",
          "title": "Get Balance Successfully after Transactions",
          "fullFile": "/opt/app/src/accounting/accountManagement/AccountBalance.test.js",
          "file": "/src/accounting/accountManagement/AccountBalance.test.js",
          "beforeHooks": [
            {
              "title": "\"before all\" hook in \"Get Balance Successfully after Transactions\"",
              "fullTitle": "Get Balance Successfully after Transactions \"before all\" hook in \"Get Balance Successfully after Transactions\"",
              "timedOut": false,
              "duration": 26,
              "state": null,
              "speed": null,
              "pass": false,
              "fail": false,
              "pending": false,
              "context": null,
              "code": "await prismaAuth.$connect();\nawait prismaAccounting.$connect();\nawait prismaApi.$connect();",
              "err": {},
              "uuid": "88a71f05-5755-4c34-a1fb-cc2cfee73e12",
              "parentUUID": "eb254adb-25a4-4ddc-97bd-5a30f8532fd5",
              "isHook": true,
              "skipped": false
            },
            {
              "title": "\"before each\" hook for \"should show balance correctly after multiple transactions\"",
              "fullTitle": "Get Balance Successfully after Transactions \"before each\" hook for \"should show balance correctly after multiple transactions\"",
              "timedOut": true,
              "duration": 2000,
              "state": "failed",
              "speed": null,
              "pass": false,
              "fail": true,
              "pending": false,
              "context": null,
              "code": "await clearAllDatabases();\nawait createAppUserAccounts();\nconst userId1 = await prismaAuth.appUser.findFirst({\n  where: {\n    phone: \"01317577237\",\n  },\n});\nconst userId2 = await prismaAuth.appUser.findFirst({\n  where: {\n    phone: \"01711106485\",\n  },\n});\nconst userId3 = await prismaAuth.appUser.findFirst({\n  where: {\n    phone: \"01317577238\",\n  },\n});\ntokenUser1 = generateUserToken(userId1.id, \"01317577237\", \"USER\");\ntokenUser2 = generateUserToken(userId2.id, \"01711106485\", \"USER\");\ntokenUser3 = generateUserToken(userId3.id, \"01317577238\", \"USER\");\nconst chartOfAccounts = await createBasicChartOfAccounts();\nconst customer = chartOfAccounts.find(\n  (account) => account.code === \"customer-01\"\n);\nawait setupTransactionTypes(chartOfAccounts);\ntype = await prismaAccounting.transactionType.findUnique({\n  where: { transactionCode: \"1002\" },\n});\nawait createUserAccounts(chartOfAccounts);\ncustomerAccount1 = await prismaAccounting.userAccount.findUnique({\n  where: { identifier: \"01317577237\" },\n});\ncustomerAccount2 = await prismaAccounting.userAccount.findUnique({\n  where: { identifier: \"01711106485\" },\n});\ncustomerAccount3 = await prismaAccounting.userAccount.findUnique({\n  where: { identifier: \"01317577238\" },\n});",
              "err": {
                "message": "Error: Timeout of 2000ms exceeded. For async tests and hooks, ensure \"done()\" is called; if returning a Promise, ensure it resolves. (/opt/app/src/accounting/accountManagement/AccountBalance.test.js)",
                "estack": "Error: Timeout of 2000ms exceeded. For async tests and hooks, ensure \"done()\" is called; if returning a Promise, ensure it resolves. (/opt/app/src/accounting/accountManagement/AccountBalance.test.js)\n    at listOnTimeout (node:internal/timers:581:17)\n    at process.processTimers (node:internal/timers:519:7)",
                "diff": null
              },
              "uuid": "a846c48c-efe6-406a-b199-52c3b9b5a7ce",
              "parentUUID": "eb254adb-25a4-4ddc-97bd-5a30f8532fd5",
              "isHook": true,
              "skipped": false
            }
          ],
          "afterHooks": [
            {
              "title": "\"after all\" hook in \"Get Balance Successfully after Transactions\"",
              "fullTitle": "Get Balance Successfully after Transactions \"after all\" hook in \"Get Balance Successfully after Transactions\"",
              "timedOut": false,
              "duration": 586,
              "state": null,
              "speed": null,
              "pass": false,
              "fail": false,
              "pending": false,
              "context": null,
              "code": "await prismaAccounting.$disconnect();\nawait prismaAuth.$disconnect();\nawait prismaApi.$disconnect();",
              "err": {},
              "uuid": "1c56cefe-dde1-4879-8b8b-3df086fdbb3b",
              "parentUUID": "eb254adb-25a4-4ddc-97bd-5a30f8532fd5",
              "isHook": true,
              "skipped": false
            }
          ],
          "tests": [
            {
              "title": "should show account balance after initial Transaction",
              "fullTitle": "Get Balance Successfully after Transactions should show account balance after initial Transaction",
              "timedOut": false,
              "duration": 1952,
              "state": "passed",
              "speed": "slow",
              "pass": true,
              "fail": false,
              "pending": false,
              "context": null,
              "code": "await addInitialBalance(customerAccount1, 10000);\nawait addInitialBalance(customerAccount2, 10000);\nawait addInitialBalance(customerAccount3, 10000);\nconst responseBalanceForAcc1 = await pactum\n  .spec()\n  .withMethod(\"GET\")\n  .withPath(`${ApiUrls.apiBaseUrl}${ApiUrls.getAccountbalance}`)\n  .withBearerToken(tokenUser1)\n  .expectStatus(200);\nconst responseBalanceForAcc2 = await pactum\n  .spec()\n  .withMethod(\"GET\")\n  .withPath(`${ApiUrls.apiBaseUrl}${ApiUrls.getAccountbalance}`)\n  .withBearerToken(tokenUser2)\n  .expectStatus(200);\nconst responseBalanceForAcc3 = await pactum\n  .spec()\n  .withMethod(\"GET\")\n  .withPath(`${ApiUrls.apiBaseUrl}${ApiUrls.getAccountbalance}`)\n  .withBearerToken(tokenUser3)\n  .expectStatus(200);\nexpect(responseBalanceForAcc1.body.balance).to.equal(10000);\nexpect(responseBalanceForAcc2.body.balance).to.equal(10000);\nexpect(responseBalanceForAcc3.body.balance).to.equal(10000);",
              "err": {},
              "uuid": "160fabf7-a468-4cd0-ae66-24b57018f215",
              "parentUUID": "eb254adb-25a4-4ddc-97bd-5a30f8532fd5",
              "isHook": false,
              "skipped": false
            },
            {
              "title": "should show balance correctly after multiple transactions",
              "fullTitle": "Get Balance Successfully after Transactions should show balance correctly after multiple transactions",
              "timedOut": false,
              "duration": 0,
              "state": null,
              "speed": null,
              "pass": false,
              "fail": false,
              "pending": false,
              "context": null,
              "code": "let initialAmount = 1000;\nawait addInitialBalance(customerAccount1, initialAmount);\nawait addInitialBalance(customerAccount2, initialAmount);\nawait addInitialBalance(customerAccount3, initialAmount);\nlet amounts = [100, 100, 50, 65, 88];\nlet acc1balance = 597;\nlet acc2balance = 1403;\nconst transactionsFromAcc1toAcc2 = await CreateTransactions(\n  customerAccount1,\n  customerAccount2,\n  amounts,\n  type\n);\nawait createLedgerEntries(transactionsFromAcc1toAcc2);\nconst responseBalanceForAcc1 = await pactum\n  .spec()\n  .withMethod(\"GET\")\n  .withPath(`${ApiUrls.apiBaseUrl}${ApiUrls.getAccountbalance}`)\n  .withBearerToken(tokenUser1)\n  .expectStatus(200);\nexpect(responseBalanceForAcc1.body.balance).to.equal(597);\nconst responseBalanceForAcc2 = await pactum\n  .spec()\n  .withMethod(\"GET\")\n  .withPath(`${ApiUrls.apiBaseUrl}${ApiUrls.getAccountbalance}`)\n  .withBearerToken(tokenUser2)\n  .expectStatus(200);\nexpect(responseBalanceForAcc2.body.balance).to.equal(1403);\nlet amounts2 = [50, 300, 200, 20, 10];\nlet newBalanceForAcc2 = 1983;\nlet newBalanceForAcc3 = 420;\nconst transactionsFromAcc3toAcc2 = await CreateTransactions(\n  customerAccount3,\n  customerAccount2,\n  amounts2,\n  type\n);\nawait createLedgerEntries(transactionsFromAcc3toAcc2);\nconst responseBalanceForAcc2afterTrxn = await pactum\n  .spec()\n  .withMethod(\"GET\")\n  .withPath(`${ApiUrls.apiBaseUrl}${ApiUrls.getAccountbalance}`)\n  .withBearerToken(tokenUser2)\n  .expectStatus(200);\nexpect(responseBalanceForAcc2afterTrxn.body.balance).to.equal(2386);\nconst responseBalanceForAcc3 = await pactum\n  .spec()\n  .withMethod(\"GET\")\n  .withPath(`${ApiUrls.apiBaseUrl}${ApiUrls.getAccountbalance}`)\n  .withBearerToken(tokenUser3)\n  .expectStatus(200);\nexpect(responseBalanceForAcc3.body.balance).to.equal(420);",
              "err": {},
              "uuid": "2aabe947-5ab7-4e89-b0e4-b7a98c3e07ca",
              "parentUUID": "eb254adb-25a4-4ddc-97bd-5a30f8532fd5",
              "isHook": false,
              "skipped": true
            }
          ],
          "suites": [],
          "passes": [
            "160fabf7-a468-4cd0-ae66-24b57018f215"
          ],
          "failures": [],
          "pending": [],
          "skipped": [
            "2aabe947-5ab7-4e89-b0e4-b7a98c3e07ca"
          ],
          "duration": 1952,
          "root": false,
          "rootEmpty": false,
          "_timeout": 2000
        },
        {
          "uuid": "44a37bae-e0a1-44c1-9ed4-95d756050355",
          "title": "Account Change Status PUT API",
          "fullFile": "/opt/app/src/accounting/accountManagement/changeAccountStatus.test.js",
          "file": "/src/accounting/accountManagement/changeAccountStatus.test.js",
          "beforeHooks": [
            {
              "title": "\"before all\" hook in \"Account Change Status PUT API\"",
              "fullTitle": "Account Change Status PUT API \"before all\" hook in \"Account Change Status PUT API\"",
              "timedOut": false,
              "duration": 5,
              "state": null,
              "speed": null,
              "pass": false,
              "fail": false,
              "pending": false,
              "context": null,
              "code": "await prismaAccounting.$connect();",
              "err": {},
              "uuid": "5eefb24f-5f03-4e06-bd3e-a5023e34f774",
              "parentUUID": "44a37bae-e0a1-44c1-9ed4-95d756050355",
              "isHook": true,
              "skipped": false
            },
            {
              "title": "\"before each\" hook for \"should show error upon updating status from anywhere except admin panel\"",
              "fullTitle": "Account Change Status PUT API \"before each\" hook for \"should show error upon updating status from anywhere except admin panel\"",
              "timedOut": true,
              "duration": 2000,
              "state": "failed",
              "speed": null,
              "pass": false,
              "fail": true,
              "pending": false,
              "context": null,
              "code": "await prismaAccounting.Ledger.deleteMany({});\nawait prismaAccounting.Transaction.deleteMany({});\nawait prismaAccounting.TransactionTypeChangeLog.deleteMany({});\nawait prismaAccounting.TransactionType.deleteMany({});\nawait prismaAccounting. transactionLegLog.deleteMany({});\nawait prismaAccounting.TransactionLeg.deleteMany({});\nawait prismaAccounting.UserAccount.deleteMany({});\nawait prismaAccounting.AccountLog.deleteMany({});\nawait prismaAccounting.ChartOfAccountLog.deleteMany({});\nawait prismaAccounting.ChartOfAccount.deleteMany({});",
              "err": {
                "message": "Error: Timeout of 2000ms exceeded. For async tests and hooks, ensure \"done()\" is called; if returning a Promise, ensure it resolves. (/opt/app/src/accounting/accountManagement/changeAccountStatus.test.js)",
                "estack": "Error: Timeout of 2000ms exceeded. For async tests and hooks, ensure \"done()\" is called; if returning a Promise, ensure it resolves. (/opt/app/src/accounting/accountManagement/changeAccountStatus.test.js)\n    at listOnTimeout (node:internal/timers:581:17)\n    at process.processTimers (node:internal/timers:519:7)",
                "diff": null
              },
              "uuid": "e746b05c-c732-4dc9-b5c8-8c7913d9570e",
              "parentUUID": "44a37bae-e0a1-44c1-9ed4-95d756050355",
              "isHook": true,
              "skipped": false
            }
          ],
          "afterHooks": [
            {
              "title": "\"after all\" hook in \"Account Change Status PUT API\"",
              "fullTitle": "Account Change Status PUT API \"after all\" hook in \"Account Change Status PUT API\"",
              "timedOut": false,
              "duration": 298,
              "state": null,
              "speed": null,
              "pass": false,
              "fail": false,
              "pending": false,
              "context": null,
              "code": "await prismaAccounting.$disconnect();",
              "err": {},
              "uuid": "39ae1e47-98bb-4d57-91ec-13985652c7d1",
              "parentUUID": "44a37bae-e0a1-44c1-9ed4-95d756050355",
              "isHook": true,
              "skipped": false
            }
          ],
          "tests": [
            {
              "title": "should change account status successfully",
              "fullTitle": "Account Change Status PUT API should change account status successfully",
              "timedOut": false,
              "duration": 1725,
              "state": "failed",
              "speed": null,
              "pass": false,
              "fail": true,
              "pending": false,
              "context": null,
              "code": "const adminUser = {\n  email: \"admin@ppay.com\",\n  roles: \"Admin\",\n  adminRole: \"ADMIN\",\n};\ntoken = generateToken(\n  1,\n  adminUser.email,\n  adminUser.roles,\n  adminUser.adminRole\n);\nconst appUser = {\n  phoneNumber: \"01747538382\"\n};\n   let token2 = generateUserToken(1, appUser.phoneNumber, \"USER\");\n\nconst chartOfAccountData = {\n  name: \"Sample Account Name\",\n  adminId: 1,\n  description: \"This is a description for the chart of account.\",\n  transactionType: \"SYSTEM\",\n  headType: \"ASSET\",\n  code: \"ACC-001\",\n  onlyParent: false,\n};\nconst chartOfAccount = await prismaAccounting.ChartOfAccount.create({\n  data: chartOfAccountData,\n});\nconst CoAID = chartOfAccount.id;\nconst testData = {\n  accountName: \"John\",\n  identifier: \"01711699870\",\n  status: \"FULL_ACTIVE\",\n  chartOfAccount: {\n    connect: {\n      id: CoAID,\n    },\n  },\n};\nconst createdAccount = await prismaAccounting.UserAccount.create({\n  data: testData,\n});\nconst accountID = createdAccount.id;\nconst AccountStatusChangeData = {\n  status: \"LIMITED_ACTIVE\",\n};\nawait pactum\n  .spec()\n  .withMethod(\"PUT\")\n  .withPath(\n    `${ApiUrls.apiBaseUrl}${ApiUrls.changeAccountStatus}${accountID}/status-update`\n  )\n  .withBearerToken(token)\n  .withJson(AccountStatusChangeData)\n  .expectStatus(200);\nconst updatedAccountStatus = await prismaAccounting.UserAccount.findUnique({\n  where: { id: accountID },\n});\nexpect(updatedAccountStatus).to.not.be.null;\nexpect(updatedAccountStatus.status).to.equal(\n  AccountStatusChangeData.status\n);",
              "err": {
                "message": "AssertionError: HTTP status 500 !== 200\n\n500 !== 200\n",
                "estack": "AssertionError [ERR_ASSERTION]: HTTP status 500 !== 200\n\n500 !== 200\n\n    at Expect._validateStatus (node_modules/pactum/src/models/expect.js:106:14)\n    at Expect.validate (node_modules/pactum/src/models/expect.js:47:10)\n    at Tosser.validateResponse (node_modules/pactum/src/models/Tosser.js:249:23)\n    at Tosser.validate (node_modules/pactum/src/models/Tosser.js:214:18)\n    at Tosser.toss (node_modules/pactum/src/models/Tosser.js:46:18)\n    at process.processTicksAndRejections (node:internal/process/task_queues:95:5)",
                "diff": "- 500\n+ 200\n"
              },
              "uuid": "f835bd87-6b4a-467a-99f0-92de96f6ca0e",
              "parentUUID": "44a37bae-e0a1-44c1-9ed4-95d756050355",
              "isHook": false,
              "skipped": false
            },
            {
              "title": "should check logs for updating status",
              "fullTitle": "Account Change Status PUT API should check logs for updating status",
              "timedOut": false,
              "duration": 1874,
              "state": "failed",
              "speed": null,
              "pass": false,
              "fail": true,
              "pending": false,
              "context": null,
              "code": "const adminUser = {\n  email: \"admin@ppay.com\",\n  roles: \"Admin\",\n  adminRole: \"ADMIN\",\n};\ntoken = generateToken(\n  1,\n  adminUser.email,\n  adminUser.roles,\n  adminUser.adminRole\n);\nconst chartOfAccountData = {\n  name: \"Sample Account Name\",\n  adminId: 1,\n  description: \"This is a description for the chart of account.\",\n  transactionType: \"SYSTEM\",\n  headType: \"ASSET\",\n  code: \"ACC-001\",\n  onlyParent: false,\n};\nconst chartOfAccount = await prismaAccounting.ChartOfAccount.create({\n  data: chartOfAccountData,\n});\nconst CoAID = chartOfAccount.id;\nconst testData = {\n  accountName: \"John\",\n  identifier: \"01711699870\",\n  status: \"LIMITED_ACTIVE\",\n  chartOfAccount: {\n    connect: {\n      id: CoAID,\n    },\n  },\n};\nconst createdAccount = await prismaAccounting.UserAccount.create({\n  data: testData,\n});\nconst accountID = createdAccount.id;\nconst AccountStatusChangeData = {\n  status: \"FULL_ACTIVE\",\n};\nawait pactum\n  .spec()\n  .withMethod(\"PUT\")\n  .withPath(\n    `${ApiUrls.apiBaseUrl}${ApiUrls.changeAccountStatus}${accountID}/status-update`\n  )\n  .withBearerToken(token)\n  .withJson(AccountStatusChangeData)\n  .expectStatus(200);\nawait new Promise(resolve => setTimeout(resolve, 50));\nconst logs = await prismaAccounting.AccountLog.findMany({\n  where: {\n    accountId: BigInt(accountID),\n  },\n  orderBy: {\n    createdAt: \"desc\",\n  },\n  take: 1,\n});\nexpect(logs).to.not.be.empty;\nconst lastLog = logs[0];\nexpect(lastLog).to.not.be.null;\nexpect(lastLog).to.have.property(\"accountId\");\nexpect(lastLog.accountId.toString()).to.equal(accountID.toString());\nexpect(lastLog).to.have.property(\"status\");\nexpect(lastLog.status).to.equal(AccountStatusChangeData.status);\nconst updatedAccount = await prismaAccounting.UserAccount.findUnique({\n  where: { id: accountID },\n});\nexpect(updatedAccount.status).to.equal(AccountStatusChangeData.status);",
              "err": {
                "message": "AssertionError: HTTP status 500 !== 200\n\n500 !== 200\n",
                "estack": "AssertionError [ERR_ASSERTION]: HTTP status 500 !== 200\n\n500 !== 200\n\n    at Expect._validateStatus (node_modules/pactum/src/models/expect.js:106:14)\n    at Expect.validate (node_modules/pactum/src/models/expect.js:47:10)\n    at Tosser.validateResponse (node_modules/pactum/src/models/Tosser.js:249:23)\n    at Tosser.validate (node_modules/pactum/src/models/Tosser.js:214:18)\n    at Tosser.toss (node_modules/pactum/src/models/Tosser.js:46:18)\n    at process.processTicksAndRejections (node:internal/process/task_queues:95:5)",
                "diff": "- 500\n+ 200\n"
              },
              "uuid": "bcbf299a-1e95-4b2c-8f62-55aa187b4c30",
              "parentUUID": "44a37bae-e0a1-44c1-9ed4-95d756050355",
              "isHook": false,
              "skipped": false
            },
            {
              "title": "should show error upon updating status from anywhere except admin panel",
              "fullTitle": "Account Change Status PUT API should show error upon updating status from anywhere except admin panel",
              "timedOut": false,
              "duration": 0,
              "state": null,
              "speed": null,
              "pass": false,
              "fail": false,
              "pending": false,
              "context": null,
              "code": "const appUser1Data = {\n  phoneNumber: \"01747538382\",\n};\nconst tokenforUserAccount = generateUserToken(\n  1,\n  appUser1Data.phoneNumber,\n  \"USER\"\n);\nconst chartOfAccountData = {\n  name: \"Sample Account Name\",\n  adminId: 1,\n  description: \"This is a description for the chart of account.\",\n  transactionType: \"SYSTEM\",\n  headType: \"ASSET\",\n  code: \"ACC-001\",\n  onlyParent: false,\n};\nconst chartOfAccount = await prismaAccounting.ChartOfAccount.create({\n  data: chartOfAccountData,\n});\nconst CoAID = chartOfAccount.id;\nconst testData = {\n  accountName: \"John\",\n  identifier: \"01711699870\",\n  status: \"LIMITED_ACTIVE\",\n  chartOfAccount: {\n    connect: {\n      id: CoAID,\n    },\n  },\n};\nconst createdAccount = await prismaAccounting.UserAccount.create({\n  data: testData,\n});\nconst accountID = createdAccount.id;\nconst AccountStatusChangeData = {\n  status: \"FULL_ACTIVE\",\n};\nconst response = await pactum\n  .spec()\n  .withMethod(\"PUT\")\n  .withPath(\n    `${ApiUrls.apiBaseUrl}${ApiUrls.changeAccountStatus}${accountID}/status-update`\n  )\n  .withBearerToken(tokenforUserAccount)\n  .withJson(AccountStatusChangeData)\n  .expectStatus(401);",
              "err": {},
              "uuid": "ab31cfd8-c822-444a-b7f2-9643098dbc13",
              "parentUUID": "44a37bae-e0a1-44c1-9ed4-95d756050355",
              "isHook": false,
              "skipped": true
            },
            {
              "title": "should show error upon updating the status to current status",
              "fullTitle": "Account Change Status PUT API should show error upon updating the status to current status",
              "timedOut": false,
              "duration": 0,
              "state": null,
              "speed": null,
              "pass": false,
              "fail": false,
              "pending": false,
              "context": null,
              "code": "const adminUser = {\n  email: \"admin@ppay.com\",\n  roles: \"Admin\",\n  adminRole: \"ADMIN\",\n};\ntoken = generateToken(\n  1,\n  adminUser.email,\n  adminUser.roles,\n  adminUser.adminRole\n);\nconst chartOfAccountData = {\n  name: \"Sample Account Name\",\n  adminId: 1,\n  description: \"This is a description for the chart of account.\",\n  transactionType: \"SYSTEM\",\n  headType: \"ASSET\",\n  code: \"ACC-001\",\n  onlyParent: false,\n};\nconst chartOfAccount = await prismaAccounting.ChartOfAccount.create({\n  data: chartOfAccountData,\n});\nconst CoAID = chartOfAccount.id;\nconst testData = {\n  accountName: \"John\",\n  identifier: \"01711699870\",\n  status: \"LIMITED_ACTIVE\",\n  chartOfAccount: {\n    connect: {\n      id: CoAID,\n    },\n  },\n};\nconst createdAccount = await prismaAccounting.UserAccount.create({\n  data: testData,\n});\nconst accountID = createdAccount.id;\nconst AccountStatusChangeData = {\n  status: \"LIMITED_ACTIVE\",\n};\nawait pactum\n  .spec()\n  .withMethod(\"PUT\")\n  .withPath(\n    `${ApiUrls.apiBaseUrl}${ApiUrls.changeAccountStatus}${accountID}/status-update`\n  )\n  .withBearerToken(token)\n  .withJson(AccountStatusChangeData)\n  .expectStatus(400);",
              "err": {},
              "uuid": "746b5ff3-8bde-4e73-a1ee-602bfa026e09",
              "parentUUID": "44a37bae-e0a1-44c1-9ed4-95d756050355",
              "isHook": false,
              "skipped": true
            },
            {
              "title": "should show error when trying to change status of a system account",
              "fullTitle": "Account Change Status PUT API should show error when trying to change status of a system account",
              "timedOut": false,
              "duration": 0,
              "state": null,
              "speed": null,
              "pass": false,
              "fail": false,
              "pending": false,
              "context": null,
              "code": "const adminUser = {\n  email: \"admin@ppay.com\",\n  roles: \"Admin\",\n  adminRole: \"ADMIN\",\n};\ntoken = generateToken(\n  1,\n  adminUser.email,\n  adminUser.roles,\n  adminUser.adminRole\n);\nconst chartOfAccountData = {\n  name: \"System Account Name\",\n  adminId: 1,\n  description: \"This is a description for the chart of account.\",\n  transactionType: \"SYSTEM\",\n  headType: \"ASSET\",\n  code: \"ACC-001\",\n  onlyParent: true,\n};\nconst chartOfAccount = await prismaAccounting.ChartOfAccount.create({\n  data: chartOfAccountData,\n});\nconst CoAID = chartOfAccount.id;\nconst testData = {\n  accountName: \"System Account\",\n  identifier: \"ACC-001\",\n  status: \"FULL_ACTIVE\",\n  chartOfAccount: {\n    connect: {\n      id: CoAID,\n    },\n  },\n};\nconst createdAccount = await prismaAccounting.UserAccount.create({\n  data: testData,\n});\nconst accountID = createdAccount.id;\nconst AccountStatusChangeData = {\n  status: \"LIMITED_ACTIVE\",\n};\nawait pactum\n  .spec()\n  .withMethod(\"PUT\")\n  .withPath(\n    `${ApiUrls.apiBaseUrl}${ApiUrls.changeAccountStatus}${accountID}/status-update`\n  )\n  .withBearerToken(token)\n  .withJson(AccountStatusChangeData)\n  .expectStatus(404);",
              "err": {},
              "uuid": "7b799989-83cb-45df-92a9-7b5e75da94d7",
              "parentUUID": "44a37bae-e0a1-44c1-9ed4-95d756050355",
              "isHook": false,
              "skipped": true
            }
          ],
          "suites": [],
          "passes": [],
          "failures": [
            "f835bd87-6b4a-467a-99f0-92de96f6ca0e",
            "bcbf299a-1e95-4b2c-8f62-55aa187b4c30"
          ],
          "pending": [],
          "skipped": [
            "ab31cfd8-c822-444a-b7f2-9643098dbc13",
            "746b5ff3-8bde-4e73-a1ee-602bfa026e09",
            "7b799989-83cb-45df-92a9-7b5e75da94d7"
          ],
          "duration": 3599,
          "root": false,
          "rootEmpty": false,
          "_timeout": 2000
        },
        {
          "uuid": "c3ab6f48-682a-4939-991f-a99546acdb5f",
          "title": "Account Details GET API: apiUrl",
          "fullFile": "/opt/app/src/accounting/accountManagement/getAccountDetails.test.js",
          "file": "/src/accounting/accountManagement/getAccountDetails.test.js",
          "beforeHooks": [
            {
              "title": "\"before all\" hook in \"Account Details GET API: apiUrl\"",
              "fullTitle": "Account Details GET API: apiUrl \"before all\" hook in \"Account Details GET API: apiUrl\"",
              "timedOut": false,
              "duration": 21,
              "state": null,
              "speed": null,
              "pass": false,
              "fail": false,
              "pending": false,
              "context": null,
              "code": "await prismaAccounting.$connect();",
              "err": {},
              "uuid": "bfb7c6e5-7c3c-4ddf-89ac-c508804a2776",
              "parentUUID": "c3ab6f48-682a-4939-991f-a99546acdb5f",
              "isHook": true,
              "skipped": false
            },
            {
              "title": "\"before each\" hook in \"Account Details GET API: apiUrl\"",
              "fullTitle": "Account Details GET API: apiUrl \"before each\" hook in \"Account Details GET API: apiUrl\"",
              "timedOut": false,
              "duration": 182,
              "state": null,
              "speed": null,
              "pass": false,
              "fail": false,
              "pending": false,
              "context": null,
              "code": "await prismaAccounting.Ledger.deleteMany({});\nawait prismaAccounting.Transaction.deleteMany({});\nawait prismaAccounting.TransactionTypeChangeLog.deleteMany({});\nawait prismaAccounting.TransactionType.deleteMany({});\nawait prismaAccounting. transactionLegLog.deleteMany({});\nawait prismaAccounting.TransactionLeg.deleteMany({});\nawait prismaAccounting.UserAccount.deleteMany({});\nawait prismaAccounting.ChartOfAccountLog.deleteMany({});\nawait prismaAccounting.ChartOfAccount.deleteMany({});",
              "err": {},
              "uuid": "98eee0e1-32d5-4f2e-a56c-8c36cd5ca19f",
              "parentUUID": "c3ab6f48-682a-4939-991f-a99546acdb5f",
              "isHook": true,
              "skipped": false
            }
          ],
          "afterHooks": [
            {
              "title": "\"after all\" hook in \"Account Details GET API: apiUrl\"",
              "fullTitle": "Account Details GET API: apiUrl \"after all\" hook in \"Account Details GET API: apiUrl\"",
              "timedOut": false,
              "duration": 5,
              "state": null,
              "speed": null,
              "pass": false,
              "fail": false,
              "pending": false,
              "context": null,
              "code": "await prismaAccounting.$disconnect();",
              "err": {},
              "uuid": "36b3ea7e-05ba-4b81-a943-a4fbeef9cf29",
              "parentUUID": "c3ab6f48-682a-4939-991f-a99546acdb5f",
              "isHook": true,
              "skipped": false
            }
          ],
          "tests": [
            {
              "title": "should get user details successfully",
              "fullTitle": "Account Details GET API: apiUrl should get user details successfully",
              "timedOut": true,
              "duration": 2001,
              "state": "failed",
              "speed": null,
              "pass": false,
              "fail": true,
              "pending": false,
              "context": null,
              "code": "const adminUser = {\n  email: \"admin@ppay.com\",\n  roles: \"Admin\",\n  adminRole: \"ADMIN\",\n};\ntoken = generateToken(\n  1,\n  adminUser.email,\n  adminUser.roles,\n  adminUser.adminRole\n);\nconst chartOfAccountData = {\n  name: \"Sample Account Name\",\n  adminId: 1,\n  description: \"This is a description for the chart of account.\",\n  transactionType: \"SYSTEM\",\n  headType: \"ASSET\",\n  code: \"ACC-001\",\n  onlyParent: false,\n};\nconst chartOfAccount = await prismaAccounting.ChartOfAccount.create({\n  data: chartOfAccountData,\n});\nconst CoAID = chartOfAccount.id;\nconst testData = {\n  accountName: \"John\",\n  identifier: \"01711699870\",\n  status: \"FULL_ACTIVE\",\n  chartOfAccount: {\n    connect: {\n      id: CoAID,\n    },\n  },\n  dailyLimitCount: 100,\n  monthlyLimitCount: 1000,\n  dailyLimitAmount: 100000,\n  monthlyLimitAmount: 1000000,\n  weeklyLimitAmount: 500,\n  weeklyLimitCount: 50,\n  maxWalletAmount: 1000,\n  minWalletAmount: 0,\n};\nconst createdAccount = await prismaAccounting.UserAccount.create({\n  data: testData,\n});\nconst accountID = createdAccount.id;\nconst response = await pactum\n  .spec()\n  .withMethod(\"GET\")\n  .withPath(`${ApiUrls.apiBaseUrl}${ApiUrls.getAccountDetails}${accountID}`)\n  .withBearerToken(token)\n  .expectStatus(200);\n  console.log\nexpect(response.body.id).to.equal(accountID);\nexpect(response.body.name).to.equal(createdAccount.accountName);\nexpect(response.body.identifier).to.equal(createdAccount.identifier);\nexpect(response.body.status).to.equal(createdAccount.status);\nexpect(response.body.chartofaccount.id).to.equal(CoAID);\nexpect(response.body.dailylimit.count).to.equal(createdAccount.dailyLimitCount);\nexpect(response.body.monthlylimit.count).to.equal(createdAccount.monthlyLimitCount);\nexpect(response.body.dailylimit.amount).to.equal(createdAccount.dailyLimitAmount);\nexpect(response.body.monthlylimit.amount).to.equal(createdAccount.monthlyLimitAmount);\nexpect(response.body.minwalletamount).to.equal(createdAccount.minWalletAmount);\nexpect(response.body.weeklylimit.count).to.equal(createdAccount.weeklyLimitCount);\nexpect(response.body.weeklylimit.amount).to.equal(createdAccount.weeklyLimitAmount);\nexpect(response.body.maxwalletamount).to.equal(createdAccount.maxWalletAmount);\nexpect(createdAccount.aitPercentage).to.equal(2.5);",
              "err": {
                "message": "Error: Timeout of 2000ms exceeded. For async tests and hooks, ensure \"done()\" is called; if returning a Promise, ensure it resolves. (/opt/app/src/accounting/accountManagement/getAccountDetails.test.js)",
                "estack": "Error: Timeout of 2000ms exceeded. For async tests and hooks, ensure \"done()\" is called; if returning a Promise, ensure it resolves. (/opt/app/src/accounting/accountManagement/getAccountDetails.test.js)\n    at listOnTimeout (node:internal/timers:581:17)\n    at process.processTimers (node:internal/timers:519:7)",
                "diff": null
              },
              "uuid": "a088a874-3156-469f-b2dd-2842fa0dd0ad",
              "parentUUID": "c3ab6f48-682a-4939-991f-a99546acdb5f",
              "isHook": false,
              "skipped": false
            },
            {
              "title": "should show error if the user is not logged in",
              "fullTitle": "Account Details GET API: apiUrl should show error if the user is not logged in",
              "timedOut": false,
              "duration": 235,
              "state": "passed",
              "speed": "slow",
              "pass": true,
              "fail": false,
              "pending": false,
              "context": null,
              "code": "const chartOfAccountData = {\n  name: \"Sample Account Name\",\n  adminId: 1,\n  description: \"This is a description for the chart of account.\",\n  transactionType: \"SYSTEM\",\n  headType: \"ASSET\",\n  code: \"ACC-001\",\n  onlyParent: false,\n};\nconst chartOfAccount = await prismaAccounting.ChartOfAccount.create({\n  data: chartOfAccountData,\n});\nconst CoAID = chartOfAccount.id;\nconst testData = {\n  accountName: \"John\",\n  identifier: \"01711699870\",\n  status: \"FULL_ACTIVE\",\n  chartOfAccount: {\n    connect: {\n      id: CoAID,\n    },\n  },\n};\nconst createdAccount = await prismaAccounting.UserAccount.create({\n  data: testData,\n});\nconst accountID = createdAccount.id;\nconst response = await pactum\n  .spec()\n  .withMethod(\"GET\")\n  .withPath(`${ApiUrls.apiBaseUrl}${ApiUrls.getAccountDetails}${accountID}`)\n  .expectStatus(403);",
              "err": {},
              "uuid": "b1b73b26-1bf3-42ff-9ac9-4e64dd0dbc21",
              "parentUUID": "c3ab6f48-682a-4939-991f-a99546acdb5f",
              "isHook": false,
              "skipped": false
            },
            {
              "title": "should show error if the account ID does not exist",
              "fullTitle": "Account Details GET API: apiUrl should show error if the account ID does not exist",
              "timedOut": false,
              "duration": 20,
              "state": "passed",
              "speed": "fast",
              "pass": true,
              "fail": false,
              "pending": false,
              "context": null,
              "code": "const adminUser = {\n  email: \"admin@ppay.com\",\n  roles: \"Admin\",\n  adminRole: \"ADMIN\",\n};\ntoken = generateToken(\n  1,\n  adminUser.email,\n  adminUser.roles,\n  adminUser.adminRole\n);\nconst accountID = 111;\nconst response = await pactum\n  .spec()\n  .withMethod(\"GET\")\n  .withPath(`${ApiUrls.apiBaseUrl}${ApiUrls.getAccountDetails}${accountID}`)\n  .withBearerToken(token)\n  .expectStatus(404);",
              "err": {},
              "uuid": "14a5de80-64cf-4d38-91b1-454ba7fcaf11",
              "parentUUID": "c3ab6f48-682a-4939-991f-a99546acdb5f",
              "isHook": false,
              "skipped": false
            }
          ],
          "suites": [],
          "passes": [
            "b1b73b26-1bf3-42ff-9ac9-4e64dd0dbc21",
            "14a5de80-64cf-4d38-91b1-454ba7fcaf11"
          ],
          "failures": [
            "a088a874-3156-469f-b2dd-2842fa0dd0ad"
          ],
          "pending": [],
          "skipped": [],
          "duration": 2256,
          "root": false,
          "rootEmpty": false,
          "_timeout": 2000
        },
        {
          "uuid": "83fc42df-1d16-45e2-a708-695146c1f8ba",
          "title": "Account LIST GET API: apiUrl",
          "fullFile": "/opt/app/src/accounting/accountManagement/getAccountList.test.js",
          "file": "/src/accounting/accountManagement/getAccountList.test.js",
          "beforeHooks": [
            {
              "title": "\"before all\" hook in \"Account LIST GET API: apiUrl\"",
              "fullTitle": "Account LIST GET API: apiUrl \"before all\" hook in \"Account LIST GET API: apiUrl\"",
              "timedOut": false,
              "duration": 18,
              "state": null,
              "speed": null,
              "pass": false,
              "fail": false,
              "pending": false,
              "context": null,
              "code": "await prismaAccounting.$connect();",
              "err": {},
              "uuid": "b798b85f-568b-4d7e-9644-5b4c4a392567",
              "parentUUID": "83fc42df-1d16-45e2-a708-695146c1f8ba",
              "isHook": true,
              "skipped": false
            },
            {
              "title": "\"before each\" hook in \"Account LIST GET API: apiUrl\"",
              "fullTitle": "Account LIST GET API: apiUrl \"before each\" hook in \"Account LIST GET API: apiUrl\"",
              "timedOut": false,
              "duration": 265,
              "state": null,
              "speed": null,
              "pass": false,
              "fail": false,
              "pending": false,
              "context": null,
              "code": "await prismaAccounting.Ledger.deleteMany({});\nawait prismaAccounting.Transaction.deleteMany({});\nawait prismaAccounting.TransactionTypeChangeLog.deleteMany({});\nawait prismaAccounting.TransactionType.deleteMany({});\nawait prismaAccounting. transactionLegLog.deleteMany({});\nawait prismaAccounting.TransactionLeg.deleteMany({});\nawait prismaAccounting.UserAccount.deleteMany({});\nawait prismaAccounting.ChartOfAccountLog.deleteMany({});\nawait prismaAccounting.ChartOfAccount.deleteMany({});",
              "err": {},
              "uuid": "29325fbd-f49c-4e54-8c2c-d99b7497959a",
              "parentUUID": "83fc42df-1d16-45e2-a708-695146c1f8ba",
              "isHook": true,
              "skipped": false
            }
          ],
          "afterHooks": [
            {
              "title": "\"after all\" hook in \"Account LIST GET API: apiUrl\"",
              "fullTitle": "Account LIST GET API: apiUrl \"after all\" hook in \"Account LIST GET API: apiUrl\"",
              "timedOut": false,
              "duration": 6,
              "state": null,
              "speed": null,
              "pass": false,
              "fail": false,
              "pending": false,
              "context": null,
              "code": "await prismaAccounting.$disconnect();",
              "err": {},
              "uuid": "09aa8e2d-e200-43a0-a2e3-af55b12d6e24",
              "parentUUID": "83fc42df-1d16-45e2-a708-695146c1f8ba",
              "isHook": true,
              "skipped": false
            }
          ],
          "tests": [
            {
              "title": "should get user accounts LIST successfully",
              "fullTitle": "Account LIST GET API: apiUrl should get user accounts LIST successfully",
              "timedOut": false,
              "duration": 279,
              "state": "passed",
              "speed": "slow",
              "pass": true,
              "fail": false,
              "pending": false,
              "context": null,
              "code": "const adminUser = {\n  email: \"admin@ppay.com\",\n  roles: \"Admin\",\n  adminRole: \"ADMIN\",\n};\ntoken = generateToken(\n  1,\n  adminUser.email,\n  adminUser.roles,\n  adminUser.adminRole\n);\nconst chartOfAccountData = {\n  name: \"Sample Account Name\",\n  adminId: 1,\n  description: \"This is a description for the chart of account.\",\n  transactionType: \"SYSTEM\",\n  headType: \"ASSET\",\n  code: \"ACC-001\",\n  onlyParent: false,\n};\nconst chartOfAccount = await prismaAccounting.ChartOfAccount.create({\n  data: chartOfAccountData,\n});\nconst CoAID = chartOfAccount.id;\nconst testData1 = {\n  accountName: \"John\",\n  identifier: \"01711699870\",\n  status: \"FULL_ACTIVE\",\n  chartOfAccount_id: CoAID,\n};\nconst testData2 = {\n  accountName: \"John Doe\",\n  identifier: \"01711699871\",\n  status: \"FULL_ACTIVE\",\n  chartOfAccount_id: CoAID,\n};\nconst testData3 = {\n  accountName: \"Johny Depp\",\n  identifier: \"01711699879\",\n  status: \"FULL_ACTIVE\",\n  chartOfAccount_id: CoAID,\n};\nawait prismaAccounting.UserAccount.createMany({\n  data: [testData1, testData2, testData3],\n});\nconst response = await pactum\n  .spec()\n  .withMethod(\"GET\")\n  .withPath(`${ApiUrls.apiBaseUrl}${ApiUrls.getAccountList}`)\n  .withBearerToken(token)\n  .expectStatus(200);\nexpect(response.body.accounts).to.have.lengthOf(3);\nexpect(response.body.accounts[0].name).to.equal(\"John\");\nexpect(response.body.accounts[0].identifier).to.equal(\"01711699870\");\nexpect(response.body.accounts[0].chartofaccount.id).to.equal(CoAID);\nexpect(response.body.accounts[0].chartofaccount.name).to.equal(\n  \"Sample Account Name\"\n);\nexpect(response.body.accounts[0].status).to.equal(\"FULL_ACTIVE\");\nexpect(response.body.accounts[1].name).to.equal(\"John Doe\");\nexpect(response.body.accounts[1].identifier).to.equal(\"01711699871\");\nexpect(response.body.accounts[1].chartofaccount.name).to.equal(\n  \"Sample Account Name\"\n);\nexpect(response.body.accounts[1].status).to.equal(\"FULL_ACTIVE\");\nexpect(response.body.accounts[2].name).to.equal(\"Johny Depp\");\nexpect(response.body.accounts[2].identifier).to.equal(\"01711699879\");\nexpect(response.body.accounts[2].chartofaccount.name).to.equal(\n  \"Sample Account Name\"\n);\nexpect(response.body.accounts[2].status).to.equal(\"FULL_ACTIVE\");",
              "err": {},
              "uuid": "e1ac1ee7-71ce-4db6-bf4a-5bbdc0cd2ebb",
              "parentUUID": "83fc42df-1d16-45e2-a708-695146c1f8ba",
              "isHook": false,
              "skipped": false
            },
            {
              "title": "should show error if the user is not logged in",
              "fullTitle": "Account LIST GET API: apiUrl should show error if the user is not logged in",
              "timedOut": false,
              "duration": 273,
              "state": "passed",
              "speed": "slow",
              "pass": true,
              "fail": false,
              "pending": false,
              "context": null,
              "code": "const chartOfAccountData = {\n  name: \"Sample Account Name\",\n  adminId: 1,\n  description: \"This is a description for the chart of account.\",\n  transactionType: \"SYSTEM\",\n  headType: \"ASSET\",\n  code: \"ACC-001\",\n  onlyParent: false,\n};\nconst chartOfAccount = await prismaAccounting.ChartOfAccount.create({\n  data: chartOfAccountData,\n});\nconst CoAID = chartOfAccount.id;\nconst testData = {\n  accountName: \"John\",\n  identifier: \"01711699870\",\n  chartOfAccount_id: CoAID,\n};\nawait prismaAccounting.UserAccount.createMany({\n  data: testData,\n});\nconst response = await pactum\n  .spec()\n  .withMethod(\"GET\")\n  .withPath(`${ApiUrls.apiBaseUrl}${ApiUrls.getAccountList}`)\n  .expectStatus(403);",
              "err": {},
              "uuid": "31a2d3f4-2998-4c19-af05-b43e030f62ed",
              "parentUUID": "83fc42df-1d16-45e2-a708-695146c1f8ba",
              "isHook": false,
              "skipped": false
            },
            {
              "title": "should show only 10 accounts in the account List ",
              "fullTitle": "Account LIST GET API: apiUrl should show only 10 accounts in the account List ",
              "timedOut": false,
              "duration": 546,
              "state": "passed",
              "speed": "slow",
              "pass": true,
              "fail": false,
              "pending": false,
              "context": null,
              "code": "await userAccountsDb();\nconst users = await prismaAccounting.UserAccount.findMany({});\nconst response = await pactum\n  .spec()\n  .withMethod(\"GET\")\n  .withPath(`${ApiUrls.apiBaseUrl}${ApiUrls.getAccountList}`)\n  .withBearerToken(token)\n  .expectStatus(200);\nexpect(response.body.accounts).to.have.lengthOf(10);\nexpect(response.body.pagination.currentpage).to.equal(0);\nexpect(response.body.pagination.currentpagetotalcount).to.equal(10);\nexpect(response.body.pagination.hasnext).to.equal(true);",
              "err": {},
              "uuid": "0547ebf8-7a00-4032-a783-01774cdf8346",
              "parentUUID": "83fc42df-1d16-45e2-a708-695146c1f8ba",
              "isHook": false,
              "skipped": false
            },
            {
              "title": "should show the remaining accounts in next page when the account list exceeds the count shown in one page",
              "fullTitle": "Account LIST GET API: apiUrl should show the remaining accounts in next page when the account list exceeds the count shown in one page",
              "timedOut": false,
              "duration": 445,
              "state": "passed",
              "speed": "slow",
              "pass": true,
              "fail": false,
              "pending": false,
              "context": null,
              "code": "await userAccountsDb();\nconst users = await prismaAccounting.UserAccount.findMany({});\nconst response = await pactum\n  .spec()\n  .withMethod(\"GET\")\n  .withPath(`${ApiUrls.apiBaseUrl}${ApiUrls.getAccountList}?page=1`)\n  .withBearerToken(token)\n  .expectStatus(200);\nexpect(response.body.accounts).to.have.lengthOf(2);\nexpect(response.body.pagination.currentpage).to.equal(1);\nexpect(response.body.pagination.currentpagetotalcount).to.equal(2);\nexpect(response.body.pagination.hasnext).to.equal(false);",
              "err": {},
              "uuid": "60754970-9265-40ee-b747-ea681643512a",
              "parentUUID": "83fc42df-1d16-45e2-a708-695146c1f8ba",
              "isHook": false,
              "skipped": false
            }
          ],
          "suites": [],
          "passes": [
            "e1ac1ee7-71ce-4db6-bf4a-5bbdc0cd2ebb",
            "31a2d3f4-2998-4c19-af05-b43e030f62ed",
            "0547ebf8-7a00-4032-a783-01774cdf8346",
            "60754970-9265-40ee-b747-ea681643512a"
          ],
          "failures": [],
          "pending": [],
          "skipped": [],
          "duration": 1543,
          "root": false,
          "rootEmpty": false,
          "_timeout": 2000
        },
        {
          "uuid": "7f36d066-9a58-4944-b558-8df4a48ee99b",
          "title": "Account Details Update API",
          "fullFile": "/opt/app/src/accounting/accountManagement/updateAccountDetails.test.js",
          "file": "/src/accounting/accountManagement/updateAccountDetails.test.js",
          "beforeHooks": [
            {
              "title": "\"before all\" hook in \"Account Details Update API\"",
              "fullTitle": "Account Details Update API \"before all\" hook in \"Account Details Update API\"",
              "timedOut": false,
              "duration": 27,
              "state": null,
              "speed": null,
              "pass": false,
              "fail": false,
              "pending": false,
              "context": null,
              "code": "await prismaAccounting.$connect();",
              "err": {},
              "uuid": "fcae2586-71fd-4ac5-8485-0af2b71f7581",
              "parentUUID": "7f36d066-9a58-4944-b558-8df4a48ee99b",
              "isHook": true,
              "skipped": false
            },
            {
              "title": "\"before each\" hook in \"Account Details Update API\"",
              "fullTitle": "Account Details Update API \"before each\" hook in \"Account Details Update API\"",
              "timedOut": false,
              "duration": 409,
              "state": null,
              "speed": null,
              "pass": false,
              "fail": false,
              "pending": false,
              "context": null,
              "code": "await prismaAccounting.Ledger.deleteMany({});\nawait prismaAccounting.Transaction.deleteMany({});\nawait prismaAccounting.TransactionTypeChangeLog.deleteMany({});\nawait prismaAccounting.TransactionType.deleteMany({});\nawait prismaAccounting.transactionLegLog.deleteMany({});\nawait prismaAccounting.TransactionLeg.deleteMany({});\nawait prismaAccounting.UserAccount.deleteMany({});\nawait prismaAccounting.AccountLog.deleteMany({});\nawait prismaAccounting.ChartOfAccountLog.deleteMany({});\nawait prismaAccounting.ChartOfAccount.deleteMany({});\nconst chartOfAccountData = {\n  name: \"Sample Account Name\",\n  adminId: 1,\n  description: \"This is a description for the chart of account.\",\n  transactionType: \"SYSTEM\",\n  headType: \"ASSET\",\n  code: \"ACC-001\",\n  onlyParent: false,\n};\nconst chartOfAccount = await prismaAccounting.ChartOfAccount.create({\n  data: chartOfAccountData,\n});\nCoAID = chartOfAccount.id;\nconst initialAccountData = {\n  accountName: \"John\",\n  identifier: \"01747538382\",\n  status: \"LIMITED_ACTIVE\",\n  chartOfAccount: {\n    connect: {\n      id: CoAID,\n    },\n  },\n  minWalletAmount: 100,\n  dailyLimitCount: 10,\n  dailyLimitAmount: 1000,\n  monthlyLimitCount: 100,\n  monthlyLimitAmount: 1000,\n  maxWalletAmount: 1000,\n  weeklyLimitCount: 10,\n  weeklyLimitAmount: 100,\n  aitPercentage: 2.5\n};\nconst createdAccount = await prismaAccounting.UserAccount.create({\n  data: initialAccountData,\n});\naccountID = createdAccount.id;",
              "err": {},
              "uuid": "4e22c695-7316-4ec9-b2b4-8fb8a2ad0dae",
              "parentUUID": "7f36d066-9a58-4944-b558-8df4a48ee99b",
              "isHook": true,
              "skipped": false
            }
          ],
          "afterHooks": [
            {
              "title": "\"after all\" hook in \"Account Details Update API\"",
              "fullTitle": "Account Details Update API \"after all\" hook in \"Account Details Update API\"",
              "timedOut": false,
              "duration": 135,
              "state": null,
              "speed": null,
              "pass": false,
              "fail": false,
              "pending": false,
              "context": null,
              "code": "await prismaAccounting.$disconnect();\n  await prismaAccounting.AccountLog.deleteMany({});\n  await prismaAccounting.UserAccount.deleteMany({});",
              "err": {},
              "uuid": "8c5d580c-53ae-4062-89f7-d559fbb6d6aa",
              "parentUUID": "7f36d066-9a58-4944-b558-8df4a48ee99b",
              "isHook": true,
              "skipped": false
            }
          ],
          "tests": [
            {
              "title": "should update user details successfully",
              "fullTitle": "Account Details Update API should update user details successfully",
              "timedOut": false,
              "duration": 149,
              "state": "failed",
              "speed": null,
              "pass": false,
              "fail": true,
              "pending": false,
              "context": null,
              "code": "const updatedAccountData = {\n  accountName: \"cccccccccc\",\n  minWalletAmount: 500,\n  dailyLimit: {\n    count: 50,\n    amount: 5000,\n  },\n  monthlyLimit: {\n    count: 500,\n    amount: 5000,\n  },\n  weeklyLimit: {\n    count: 500,\n    amount: 5000,\n  },\n  maxWalletAmount: 5000,\n  aitPercentage: 3.5\n};\nconst adminUser = {\n  email: \"admin@ppay.com\",\n  roles: \"Admin\",\n  adminRole: \"ADMIN\",\n};\ntoken = generateToken(\n  1,\n  adminUser.email,\n  adminUser.roles,\n  adminUser.adminRole\n);\nconst response = await pactum\n  .spec()\n  .withMethod(\"PUT\")\n  .withPath(\n    `${ApiUrls.apiBaseUrl}${ApiUrls.updateAccountDetails}${accountID}/limit-update`\n  )\n  .withBearerToken(token)\n  .withJson(updatedAccountData)\n  .expectStatus(200);\nawait new Promise((resolve) => setTimeout(resolve, 500));\nconst updatedAccount = await prismaAccounting.UserAccount.findUnique({\n  where: { id: accountID },\n});\nexpect(updatedAccount).to.not.be.null;\nexpect(updatedAccount.accountName).to.equal(updatedAccountData.accountName);\nexpect(updatedAccount.minWalletAmount).to.equal(\n  updatedAccountData.minWalletAmount\n);\nexpect(updatedAccount.maxWalletAmount).to.equal(\n  updatedAccountData.maxWalletAmount\n);\nexpect(updatedAccount.dailyLimitAmount).to.equal(\n  updatedAccountData.dailyLimit.amount\n);\nexpect(updatedAccount.dailyLimitCount).to.equal(\n  updatedAccountData.dailyLimit.count\n);\nexpect(updatedAccount.weeklyLimitAmount).to.equal(\n  updatedAccountData.weeklyLimit.amount\n);\nexpect(updatedAccount.weeklyLimitCount).to.equal(\n  updatedAccountData.weeklyLimit.count\n);\nexpect(updatedAccount.monthlyLimitAmount).to.equal(\n  updatedAccountData.monthlyLimit.amount\n);\nexpect(updatedAccount.monthlyLimitCount).to.equal(\n  updatedAccountData.monthlyLimit.count\n);\nexpect(updatedAccount.chartOfAccount_id).to.equal(CoAID);\nexpect(updatedAccount.aitPercentage).to.equal(updatedAccountData.aitPercentage);",
              "err": {
                "message": "AssertionError: HTTP status 500 !== 200\n\n500 !== 200\n",
                "estack": "AssertionError [ERR_ASSERTION]: HTTP status 500 !== 200\n\n500 !== 200\n\n    at Expect._validateStatus (node_modules/pactum/src/models/expect.js:106:14)\n    at Expect.validate (node_modules/pactum/src/models/expect.js:47:10)\n    at Tosser.validateResponse (node_modules/pactum/src/models/Tosser.js:249:23)\n    at Tosser.validate (node_modules/pactum/src/models/Tosser.js:214:18)\n    at Tosser.toss (node_modules/pactum/src/models/Tosser.js:46:18)\n    at process.processTicksAndRejections (node:internal/process/task_queues:95:5)",
                "diff": "- 500\n+ 200\n"
              },
              "uuid": "5cd0704c-f1e4-41c4-bce8-d02b10d67889",
              "parentUUID": "7f36d066-9a58-4944-b558-8df4a48ee99b",
              "isHook": false,
              "skipped": false
            },
            {
              "title": "should show error if the user is not logged in",
              "fullTitle": "Account Details Update API should show error if the user is not logged in",
              "timedOut": false,
              "duration": 11,
              "state": "passed",
              "speed": "fast",
              "pass": true,
              "fail": false,
              "pending": false,
              "context": null,
              "code": "const updatedAccountData = {\n      accountName: \"bbbbbbb\",\n      minWalletAmount: 100,\n      dailyLimit: {\n        count: 10,\n      },\n      monthlyLimit: {\n        count: 100,\n      },\n    };\n    const response = await pactum\n      .spec()\n      .withMethod(\"PUT\")\n      .withPath(\n        `${ApiUrls.apiBaseUrl}${ApiUrls.updateAccountDetails}${accountID}/limit-update`\n      )\n      .withJson(updatedAccountData)\n      .expectStatus(403);",
              "err": {},
              "uuid": "42fcd2a1-3a80-4d68-a5c8-be3ced54f710",
              "parentUUID": "7f36d066-9a58-4944-b558-8df4a48ee99b",
              "isHook": false,
              "skipped": false
            },
            {
              "title": "should show error if the account ID does not exist",
              "fullTitle": "Account Details Update API should show error if the account ID does not exist",
              "timedOut": false,
              "duration": 128,
              "state": "failed",
              "speed": null,
              "pass": false,
              "fail": true,
              "pending": false,
              "context": null,
              "code": "const adminUser = {\n  email: \"admin@ppay.com\",\n  roles: \"Admin\",\n  adminRole: \"ADMIN\",\n};\ntoken = generateToken(\n  1,\n  adminUser.email,\n  adminUser.roles,\n  adminUser.adminRole\n);\nconst accountID = 1111111;\nconst updatedAccountData = {\n  accountName: \"bbbbbbb\",\n  minWalletAmount: 100,\n  dailyLimit: {\n    count: 10,\n    amount: 5000,\n  },\n  monthlyLimit: {\n    count: 100,\n    amount: 5000,\n  },\n  weeklyLimit: {\n    count: 500,\n    amount: 5000,\n  },\n};\nconst response = await pactum\n  .spec()\n  .withMethod(\"PUT\")\n  .withPath(\n    `${ApiUrls.apiBaseUrl}${ApiUrls.updateAccountDetails}${accountID}/limit-update`\n  )\n  .withJson(updatedAccountData)\n  .withBearerToken(token)\n  .expectStatus(404);",
              "err": {
                "message": "AssertionError: HTTP status 500 !== 404\n\n500 !== 404\n",
                "estack": "AssertionError [ERR_ASSERTION]: HTTP status 500 !== 404\n\n500 !== 404\n\n    at Expect._validateStatus (node_modules/pactum/src/models/expect.js:106:14)\n    at Expect.validate (node_modules/pactum/src/models/expect.js:47:10)\n    at Tosser.validateResponse (node_modules/pactum/src/models/Tosser.js:249:23)\n    at Tosser.validate (node_modules/pactum/src/models/Tosser.js:214:18)\n    at Tosser.toss (node_modules/pactum/src/models/Tosser.js:46:18)\n    at process.processTicksAndRejections (node:internal/process/task_queues:95:5)",
                "diff": "- 500\n+ 404\n"
              },
              "uuid": "b9a1c77d-0172-4a07-a905-d71e354621fa",
              "parentUUID": "7f36d066-9a58-4944-b558-8df4a48ee99b",
              "isHook": false,
              "skipped": false
            },
            {
              "title": "should check logs for updating account",
              "fullTitle": "Account Details Update API should check logs for updating account",
              "timedOut": false,
              "duration": 177,
              "state": "failed",
              "speed": null,
              "pass": false,
              "fail": true,
              "pending": false,
              "context": null,
              "code": "const updatedAccountData = {\n      accountName: \"John\",\n      dailyLimit: { count: 50, amount: 5000 },\n      monthlyLimit: { count: 500, amount: 5000 },\n      weeklyLimit: { count: 500, amount: 5000 },\n      maxWalletAmount: 5000,\n      minWalletAmount: 600,\n    };\n    const adminUser = {\n      email: \"admin@ppay.com\",\n      roles: \"Admin\",\n      adminRole: \"ADMIN\",\n    };\n    token = generateToken(\n      1,\n      adminUser.email,\n      adminUser.roles,\n      adminUser.adminRole\n    );\n    const response = await pactum\n      .spec()\n      .withMethod(\"PUT\")\n      .withPath(\n        `${ApiUrls.apiBaseUrl}${ApiUrls.updateAccountDetails}${accountID}/limit-update`\n      )\n      .withBearerToken(token)\n      .withJson(updatedAccountData)\n      .expectStatus(200);\n    await new Promise((resolve) => setTimeout(resolve, 500));\n    const updatedAccount = await prismaAccounting.UserAccount.findUnique({\n      where: { id: accountID },\n    });\n    const logEntry = await prismaAccounting.AccountLog.findMany({\n      where: {\n        accountId: BigInt(accountID),\n      },\n      orderBy: {\n        createdAt: \"desc\",\n      },\n    });\n    expect(logEntry[0].accountName).to.equal(\"John\");\n    expect(Number(logEntry[0].minWalletAmount)).to.equal(600);\n    expect(Number(logEntry[0].dailyLimitCount)).to.equal(50);\n    expect(Number(logEntry[0].dailyLimitAmount)).to.equal(5000);\n    expect(Number(logEntry[0].weeklyLimitCount)).to.equal(500);\n    expect(Number(logEntry[0].weeklyLimitAmount)).to.equal(5000);\n    expect(Number(logEntry[0].monthlyLimitCount)).to.equal(500);\n    expect(Number(logEntry[0].monthlyLimitAmount)).to.equal(5000);\n    expect(Number(logEntry[0].maxWalletAmount)).to.equal(5000);",
              "err": {
                "message": "AssertionError: HTTP status 500 !== 200\n\n500 !== 200\n",
                "estack": "AssertionError [ERR_ASSERTION]: HTTP status 500 !== 200\n\n500 !== 200\n\n    at Expect._validateStatus (node_modules/pactum/src/models/expect.js:106:14)\n    at Expect.validate (node_modules/pactum/src/models/expect.js:47:10)\n    at Tosser.validateResponse (node_modules/pactum/src/models/Tosser.js:249:23)\n    at Tosser.validate (node_modules/pactum/src/models/Tosser.js:214:18)\n    at Tosser.toss (node_modules/pactum/src/models/Tosser.js:46:18)\n    at process.processTicksAndRejections (node:internal/process/task_queues:95:5)",
                "diff": "- 500\n+ 200\n"
              },
              "uuid": "7c2bf84e-841c-4614-9b74-2569b891c523",
              "parentUUID": "7f36d066-9a58-4944-b558-8df4a48ee99b",
              "isHook": false,
              "skipped": false
            }
          ],
          "suites": [],
          "passes": [
            "42fcd2a1-3a80-4d68-a5c8-be3ced54f710"
          ],
          "failures": [
            "5cd0704c-f1e4-41c4-bce8-d02b10d67889",
            "b9a1c77d-0172-4a07-a905-d71e354621fa",
            "7c2bf84e-841c-4614-9b74-2569b891c523"
          ],
          "pending": [],
          "skipped": [],
          "duration": 465,
          "root": false,
          "rootEmpty": false,
          "_timeout": 2000
        },
        {
          "uuid": "ec5c8284-bd75-4e25-87e6-a64de58eab20",
          "title": "Create Chart of Account API Tests (POST /v1/chart-of-account)",
          "fullFile": "/opt/app/src/accounting/chartOfAccount/createChartOfAccount.test.js",
          "file": "/src/accounting/chartOfAccount/createChartOfAccount.test.js",
          "beforeHooks": [
            {
              "title": "\"before all\" hook in \"Create Chart of Account API Tests (POST /v1/chart-of-account)\"",
              "fullTitle": "Create Chart of Account API Tests (POST /v1/chart-of-account) \"before all\" hook in \"Create Chart of Account API Tests (POST /v1/chart-of-account)\"",
              "timedOut": false,
              "duration": 5,
              "state": null,
              "speed": null,
              "pass": false,
              "fail": false,
              "pending": false,
              "context": null,
              "code": "await Promise.all([prismaAuth.$connect(), prismaAccounting.$connect()]);\ntoken = generateToken(\n  1,\n  adminUser.email,\n  adminUser.roles,\n  adminUser.adminRole\n);",
              "err": {},
              "uuid": "22e6ec96-fa3c-4e2e-8250-946e8fe7dca4",
              "parentUUID": "ec5c8284-bd75-4e25-87e6-a64de58eab20",
              "isHook": true,
              "skipped": false
            },
            {
              "title": "\"before each\" hook in \"Create Chart of Account API Tests (POST /v1/chart-of-account)\"",
              "fullTitle": "Create Chart of Account API Tests (POST /v1/chart-of-account) \"before each\" hook in \"Create Chart of Account API Tests (POST /v1/chart-of-account)\"",
              "timedOut": false,
              "duration": 2,
              "state": null,
              "speed": null,
              "pass": false,
              "fail": false,
              "pending": false,
              "context": null,
              "code": "await prismaAccounting.$transaction([\n  prismaAccounting.ledger.deleteMany(),\n  prismaAccounting.transaction.deleteMany(),\n  prismaAccounting. transactionLegLog.deleteMany(),\n  prismaAccounting. transactionLeg.deleteMany(),\n  prismaAccounting.transactionTypeChangeLog.deleteMany(),\n  prismaAccounting.transactionType.deleteMany(),\n  prismaAccounting.userAccount.deleteMany(),\n  prismaAccounting.chartOfAccountLog.deleteMany(),\n  prismaAccounting.chartOfAccount.deleteMany(),\n]);",
              "err": {},
              "uuid": "29444238-c7bf-46c1-ac31-d663abe12a4b",
              "parentUUID": "ec5c8284-bd75-4e25-87e6-a64de58eab20",
              "isHook": true,
              "skipped": false
            }
          ],
          "afterHooks": [
            {
              "title": "\"after all\" hook in \"Create Chart of Account API Tests (POST /v1/chart-of-account)\"",
              "fullTitle": "Create Chart of Account API Tests (POST /v1/chart-of-account) \"after all\" hook in \"Create Chart of Account API Tests (POST /v1/chart-of-account)\"",
              "timedOut": false,
              "duration": 6,
              "state": null,
              "speed": null,
              "pass": false,
              "fail": false,
              "pending": false,
              "context": null,
              "code": "await Promise.all([\n  prismaAuth.$disconnect(),\n  prismaAccounting.$disconnect(),\n]);",
              "err": {},
              "uuid": "0f62fd59-c051-4aba-a0b6-42c00705659c",
              "parentUUID": "ec5c8284-bd75-4e25-87e6-a64de58eab20",
              "isHook": true,
              "skipped": false
            }
          ],
          "tests": [
            {
              "title": "should create a new chart of account",
              "fullTitle": "Create Chart of Account API Tests (POST /v1/chart-of-account) should create a new chart of account",
              "timedOut": false,
              "duration": 171,
              "state": "failed",
              "speed": null,
              "pass": false,
              "fail": true,
              "pending": false,
              "context": null,
              "code": "await makeRequest(sampleCharOfAccount).expectStatus(201);\nconst createdCoA = await prismaAccounting.chartOfAccount.findFirst({\n  where: { code: sampleCharOfAccount.code },\n});\nexpect(createdCoA).to.not.be.null;\nexpect(createdCoA).to.include({\n  name: sampleCharOfAccount.name,\n  description: sampleCharOfAccount.description,\n  transactionType: sampleCharOfAccount.transactionType,\n  headType: sampleCharOfAccount.headType,\n  code: sampleCharOfAccount.code,\n  onlyParent: sampleCharOfAccount.onlyParent,\n  minWalletAmount: sampleCharOfAccount.minWalletAmount,\n  maxWalletAmount: sampleCharOfAccount.maxWalletAmount,\n});\nexpect(createdCoA.dailyLimitCount).to.deep.equal(\n  sampleCharOfAccount.dailyLimit.count\n);\nexpect(createdCoA.weeklyLimitCount).to.deep.equal(\n  sampleCharOfAccount.weeklyLimit.count\n);\nexpect(createdCoA.monthlyLimitCount).to.deep.equal(\n  sampleCharOfAccount.monthlyLimit.count\n);\nexpect(createdCoA.dailyLimitAmount).to.deep.equal(\n  sampleCharOfAccount.dailyLimit.amount\n);\nexpect(createdCoA.weeklyLimitAmount).to.deep.equal(\n  sampleCharOfAccount.weeklyLimit.amount\n);\nexpect(createdCoA.monthlyLimitAmount).to.deep.equal(\n  sampleCharOfAccount.monthlyLimit.amount\n);",
              "err": {
                "message": "AssertionError: expected null not to be null",
                "estack": "AssertionError: expected null not to be null\n    at Context.<anonymous> (file:///opt/app/src/accounting/chartOfAccount/createChartOfAccount.test.js:103:33)",
                "diff": null
              },
              "uuid": "41281f56-f27e-4a1e-b5e5-0ef8e78ee9ef",
              "parentUUID": "ec5c8284-bd75-4e25-87e6-a64de58eab20",
              "isHook": false,
              "skipped": false
            },
            {
              "title": "should create a new chart of account when limits are not inserted",
              "fullTitle": "Create Chart of Account API Tests (POST /v1/chart-of-account) should create a new chart of account when limits are not inserted",
              "timedOut": false,
              "duration": 482,
              "state": "passed",
              "speed": "slow",
              "pass": true,
              "fail": false,
              "pending": false,
              "context": null,
              "code": "const sampleCoA2 = {\n  name: \"Sample Account Name\",\n  description: \"This is a description for the chart of account.\",\n  transactionType: \"SYSTEM\",\n  headType: \"ASSET\",\n  code: \"ACC-4002\",\n  onlyParent: false,\n};\nawait makeRequest(sampleCoA2).expectStatus(201);\nconst createdCoA = await prismaAccounting.chartOfAccount.findFirst({\n  where: { code: sampleCharOfAccount.code },\n});\nexpect(createdCoA).to.not.be.null;\nexpect(createdCoA).to.include({\n  name: sampleCharOfAccount.name,\n  description: sampleCharOfAccount.description,\n  transactionType: sampleCharOfAccount.transactionType,\n  headType: sampleCharOfAccount.headType,\n  code: sampleCharOfAccount.code,\n  onlyParent: sampleCharOfAccount.onlyParent\n});\nexpect(createdCoA.minWalletAmount).to.be.null;\nexpect(createdCoA.maxWalletAmount).to.be.null;\nexpect(createdCoA.dailyLimitCount).to.be.null;\nexpect(createdCoA.weeklyLimitCount).to.be.null;\nexpect(createdCoA.monthlyLimitCount).to.be.null;\nexpect(createdCoA.dailyLimitAmount).to.be.null;\nexpect(createdCoA.weeklyLimitAmount).to.be.null;\nexpect(createdCoA.monthlyLimitAmount).to.be.null;",
              "err": {},
              "uuid": "e37d1adb-6d94-4bb1-980a-b2a45c6305c1",
              "parentUUID": "ec5c8284-bd75-4e25-87e6-a64de58eab20",
              "isHook": false,
              "skipped": false
            },
            {
              "title": "should return 400 for negative values input in CoA",
              "fullTitle": "Create Chart of Account API Tests (POST /v1/chart-of-account) should return 400 for negative values input in CoA",
              "timedOut": false,
              "duration": 15,
              "state": "passed",
              "speed": "fast",
              "pass": true,
              "fail": false,
              "pending": false,
              "context": null,
              "code": "const invalidInput = {\n  ...sampleCharOfAccount,\n  dailyLimit: {\n    count: -20,\n    amount: -30,\n  },\n  monthlyLimit: {\n    count: -20,\n    amount: -30,\n  },\n  weeklyLimit: {\n    count: -20,\n    amount: -30,\n  },\n  minWalletAmount: -600,\n  maxWalletAmount: -1200,\n};\nawait makeRequest(invalidInput).expectStatus(400);",
              "err": {},
              "uuid": "a3780fee-0cd8-4e9e-884e-697b12ecd308",
              "parentUUID": "ec5c8284-bd75-4e25-87e6-a64de58eab20",
              "isHook": false,
              "skipped": false
            },
            {
              "title": "should return 409 if the code is already taken",
              "fullTitle": "Create Chart of Account API Tests (POST /v1/chart-of-account) should return 409 if the code is already taken",
              "timedOut": false,
              "duration": 194,
              "state": "failed",
              "speed": null,
              "pass": false,
              "fail": true,
              "pending": false,
              "context": null,
              "code": "await prismaAccounting.chartOfAccount.create({\n  data: getPrismaData(sampleCharOfAccount),\n});\nawait makeRequest(sampleCharOfAccount).expectStatus(409);\nconst accounts = await prismaAccounting.chartOfAccount.findMany({\n  where: { code: sampleCharOfAccount.code },\n});\nexpect(accounts).to.have.lengthOf(1);",
              "err": {
                "message": "AssertionError: HTTP status 201 !== 409\n\n201 !== 409\n",
                "estack": "AssertionError [ERR_ASSERTION]: HTTP status 201 !== 409\n\n201 !== 409\n\n    at Expect._validateStatus (node_modules/pactum/src/models/expect.js:106:14)\n    at Expect.validate (node_modules/pactum/src/models/expect.js:47:10)\n    at Tosser.validateResponse (node_modules/pactum/src/models/Tosser.js:249:23)\n    at Tosser.validate (node_modules/pactum/src/models/Tosser.js:214:18)\n    at Tosser.toss (node_modules/pactum/src/models/Tosser.js:46:18)\n    at process.processTicksAndRejections (node:internal/process/task_queues:95:5)",
                "diff": "- 201\n+ 409\n"
              },
              "uuid": "a0ba2999-b715-4af8-b2e1-36459d90f16e",
              "parentUUID": "ec5c8284-bd75-4e25-87e6-a64de58eab20",
              "isHook": false,
              "skipped": false
            },
            {
              "title": "should create chart of account and user account when onlyParent is true",
              "fullTitle": "Create Chart of Account API Tests (POST /v1/chart-of-account) should create chart of account and user account when onlyParent is true",
              "timedOut": false,
              "duration": 539,
              "state": "passed",
              "speed": "slow",
              "pass": true,
              "fail": false,
              "pending": false,
              "context": null,
              "code": "const chartData = { ...sampleCharOfAccount, onlyParent: true };\nawait makeRequest(chartData).expectStatus(201);\nconst createdCoA = await prismaAccounting.chartOfAccount.findFirst({\n  where: { code: chartData.code },\n});\nexpect(createdCoA).to.not.be.null;\nconst userAccount = await prismaAccounting.userAccount.findFirst({\n  where: { chartOfAccount_id: createdCoA.id },\n});\nexpect(userAccount).to.not.be.null;",
              "err": {},
              "uuid": "1df200d7-5c3a-4ba8-a455-079e6ba5b04b",
              "parentUUID": "ec5c8284-bd75-4e25-87e6-a64de58eab20",
              "isHook": false,
              "skipped": false
            },
            {
              "title": "should not create user account when onlyParent is false",
              "fullTitle": "Create Chart of Account API Tests (POST /v1/chart-of-account) should not create user account when onlyParent is false",
              "timedOut": false,
              "duration": 148,
              "state": "failed",
              "speed": null,
              "pass": false,
              "fail": true,
              "pending": false,
              "context": null,
              "code": "await makeRequest(sampleCharOfAccount).expectStatus(201);\nconst createdCoA = await prismaAccounting.chartOfAccount.findFirst({\n  where: { code: sampleCharOfAccount.code },\n});\nexpect(createdCoA).to.not.be.null;\nconst userAccount = await prismaAccounting.userAccount.findFirst({\n  where: { chartOfAccount_id: createdCoA.id },\n});\nexpect(userAccount).to.be.null;",
              "err": {
                "message": "AssertionError: expected null not to be null",
                "estack": "AssertionError: expected null not to be null\n    at Context.<anonymous> (file:///opt/app/src/accounting/chartOfAccount/createChartOfAccount.test.js:230:33)",
                "diff": null
              },
              "uuid": "6ba5a63d-a094-4286-82bf-948b663ea3d7",
              "parentUUID": "ec5c8284-bd75-4e25-87e6-a64de58eab20",
              "isHook": false,
              "skipped": false
            },
            {
              "title": "should create appropriate logs for new chart of account",
              "fullTitle": "Create Chart of Account API Tests (POST /v1/chart-of-account) should create appropriate logs for new chart of account",
              "timedOut": false,
              "duration": 313,
              "state": "passed",
              "speed": "slow",
              "pass": true,
              "fail": false,
              "pending": false,
              "context": null,
              "code": "await makeRequest(sampleCharOfAccount).expectStatus(201);\nconst logEntry = await prismaAccounting.chartOfAccountLog.findFirst({\n  where: { createdByAdminId: 1 },\n});\nexpect(logEntry).to.include({\n  changeType: \"CREATE\",\n  oldValue: null,\n});\nexpect(logEntry.newValue).to.not.be.null;",
              "err": {},
              "uuid": "3460fe17-7278-47fa-b262-365e44ef8c26",
              "parentUUID": "ec5c8284-bd75-4e25-87e6-a64de58eab20",
              "isHook": false,
              "skipped": false
            }
          ],
          "suites": [],
          "passes": [
            "e37d1adb-6d94-4bb1-980a-b2a45c6305c1",
            "a3780fee-0cd8-4e9e-884e-697b12ecd308",
            "1df200d7-5c3a-4ba8-a455-079e6ba5b04b",
            "3460fe17-7278-47fa-b262-365e44ef8c26"
          ],
          "failures": [
            "41281f56-f27e-4a1e-b5e5-0ef8e78ee9ef",
            "a0ba2999-b715-4af8-b2e1-36459d90f16e",
            "6ba5a63d-a094-4286-82bf-948b663ea3d7"
          ],
          "pending": [],
          "skipped": [],
          "duration": 1862,
          "root": false,
          "rootEmpty": false,
          "_timeout": 2000
        },
        {
          "uuid": "892b8797-094d-4d4b-b1ee-d13275650727",
          "title": "GET Chart of Account API Tests (GET :/v1/chart-of-account)",
          "fullFile": "/opt/app/src/accounting/chartOfAccount/getChartOfAccount.test.js",
          "file": "/src/accounting/chartOfAccount/getChartOfAccount.test.js",
          "beforeHooks": [
            {
              "title": "\"before all\" hook in \"GET Chart of Account API Tests (GET :/v1/chart-of-account)\"",
              "fullTitle": "GET Chart of Account API Tests (GET :/v1/chart-of-account) \"before all\" hook in \"GET Chart of Account API Tests (GET :/v1/chart-of-account)\"",
              "timedOut": false,
              "duration": 22,
              "state": null,
              "speed": null,
              "pass": false,
              "fail": false,
              "pending": false,
              "context": null,
              "code": "await Promise.all([prismaAuth.$connect(), prismaAccounting.$connect()]);\ntoken = generateToken(\n  1,\n  adminUser.email,\n  adminUser.roles,\n  adminUser.adminRole\n);",
              "err": {},
              "uuid": "da160359-144d-46a3-a1e0-133a007facef",
              "parentUUID": "892b8797-094d-4d4b-b1ee-d13275650727",
              "isHook": true,
              "skipped": false
            },
            {
              "title": "\"before each\" hook in \"GET Chart of Account API Tests (GET :/v1/chart-of-account)\"",
              "fullTitle": "GET Chart of Account API Tests (GET :/v1/chart-of-account) \"before each\" hook in \"GET Chart of Account API Tests (GET :/v1/chart-of-account)\"",
              "timedOut": false,
              "duration": 192,
              "state": null,
              "speed": null,
              "pass": false,
              "fail": false,
              "pending": false,
              "context": null,
              "code": "await prismaAccounting.$transaction([\n  prismaAccounting.userAccount.deleteMany(),\n  prismaAccounting.chartOfAccount.deleteMany(),\n]);\nconst charOfAccounts = [\n  sampleCharOfAccount,\n  {\n    ...sampleCharOfAccount,\n    name: \"Account B\",\n    code: \"002\",\n    onlyParent: true,\n    adminId: 1,\n    description: \"Description for Account 2\",\n  },\n];\nawait prismaAccounting.chartOfAccount.createMany({\n  data: charOfAccounts,\n});",
              "err": {},
              "uuid": "9a1cfce6-9561-44f3-8e17-6bc642f6ff88",
              "parentUUID": "892b8797-094d-4d4b-b1ee-d13275650727",
              "isHook": true,
              "skipped": false
            }
          ],
          "afterHooks": [
            {
              "title": "\"after all\" hook in \"GET Chart of Account API Tests (GET :/v1/chart-of-account)\"",
              "fullTitle": "GET Chart of Account API Tests (GET :/v1/chart-of-account) \"after all\" hook in \"GET Chart of Account API Tests (GET :/v1/chart-of-account)\"",
              "timedOut": false,
              "duration": 5,
              "state": null,
              "speed": null,
              "pass": false,
              "fail": false,
              "pending": false,
              "context": null,
              "code": "await Promise.all([\n  prismaAccounting.$disconnect(),\n  prismaAuth.$disconnect(),\n]);",
              "err": {},
              "uuid": "49e7db39-2b42-4a9c-a346-ab2520e56a29",
              "parentUUID": "892b8797-094d-4d4b-b1ee-d13275650727",
              "isHook": true,
              "skipped": false
            }
          ],
          "tests": [
            {
              "title": "should return all Chart of Accounts",
[...]
              "timedOut": true,
              "duration": 2001,
              "state": "failed",
              "speed": null,
              "pass": false,
              "fail": true,
              "pending": false,
              "context": null,
              "code": "const [userId, typeId] = await Promise.all([\n  prismaAuth.appUser.findFirst({\n    where: { phone: \"01317577237\" },\n    select: { id: true, phone: true },\n  }),\n  prismaAccounting.transactionType.findFirst({\n    where: { transactionCode: transactionTypeCode },\n    select: { id: true, dailyLimitAmount: true },\n  })\n]);\nif (transactionTypeCode != \"1001\") {\n  await addInitialBalance(sender, 500000);\n}\nconst verifiedTokenPin = generateVerifyPinToken(transactionTypeCode, userId.id, userId.phone, \"USER\");\nawait redisClient.HSET(`token:${userId.phone}`, \"token\", verifiedTokenPin);\nconst dailyLimitCount = Number(typeId.dailyLimitAmount);\nconst transactionPromises = [];\nfor (let i = 0; i < dailyLimitCount; i++) {\n  const transaction = await prismaAccounting.transaction.create({\n    data: {\n      fromAccountId: (\n        await prismaAccounting.userAccount.findUnique({\n          where: { identifier: sender.identifier },\n        })\n      ).id,\n      toAccountId: (\n        await prismaAccounting.userAccount.findUnique({\n          where: { identifier: receiver.identifier },\n        })\n      ).id,\n      transactionTypeId: typeId.id,\n      amount: 100,\n      referenceNo: `Transaction ${i + 1}`,\n      note: `Test transaction ${i + 1}`,\n    },\n  });\n  await prismaAccounting.ledger.create({\n    data: {\n      accountId: (\n        await prismaAccounting.userAccount.findUnique({\n          where: { identifier: sender.identifier },\n        })\n      ).id,\n      transactionId: transaction.id,\n      amount: 100,\n      description: `Ledger entry for transaction ${i + 1}`,\n      type: \"DEBIT\",\n    },\n  });\n  await prismaAccounting.ledger.create({\n    data: {\n      accountId: (\n        await prismaAccounting.userAccount.findUnique({\n          where: { identifier: receiver.identifier },\n        })\n      ).id,\n      transactionId: transaction.id,\n      amount: 100,\n      description: `Ledger entry for transaction ${i + 1}`,\n      type: \"CREDIT\",\n    },\n  });\n}\nawait Promise.all(transactionPromises);\nawait pactum\n  .spec()\n  .withMethod(\"POST\")\n  .withBearerToken(token)\n  .withPath(`${baseUrl}${endpoint}`)\n  .withJson({\n    ...requestBody,\n    verifiedTokenPin,\n  })\n  .expectStatus(400);\nif (transactionTypeCode != \"1002\") {\n  const [apiTable] = await Promise.all([\n    await database[0].findMany({\n      where: {\n        userId: await prismaAuth.appUser.findFirst({\n          where: {\n            phone: sender.identifier,\n          }, select: { id: true, phone: true },\n        })\n      }.id,\n    })\n  ]);\n  expect(apiTable[0].status).to.equal(\"TODO\");\n}",
              "err": {
                "message": "Error: Timeout of 2000ms exceeded. For async tests and hooks, ensure \"done()\" is called; if returning a Promise, ensure it resolves. (/opt/app/src/topUp/topup.test.js)",
                "estack": "Error: Timeout of 2000ms exceeded. For async tests and hooks, ensure \"done()\" is called; if returning a Promise, ensure it resolves. (/opt/app/src/topUp/topup.test.js)\n    at listOnTimeout (node:internal/timers:581:17)\n    at process.processTimers (node:internal/timers:519:7)",
                "diff": null
              },
              "uuid": "fe4f87eb-6dd6-40e3-a924-27702dc09916",
              "parentUUID": "b7082267-573c-4d3a-952d-a6528fcb1833",
              "isHook": false,
              "skipped": false
            },
            {
              "title": "should return 400 if the daily transaction count is greater than daily limit count of the transaction type",
              "fullTitle": "Do Transaction API Check (POST) - Type: 1005 should return 400 if the daily transaction count is greater than daily limit count of the transaction type",
              "timedOut": false,
              "duration": 157,
              "state": "passed",
              "speed": "slow",
              "pass": true,
              "fail": false,
              "pending": false,
              "context": null,
              "code": "const [userId, typeId] = await Promise.all([\n  prismaAuth.appUser.findFirst({\n    where: { phone: \"01317577237\" },\n    select: { id: true, phone: true },\n  }),\n  prismaAccounting.transactionType.findFirst({\n    where: { transactionCode: transactionTypeCode },\n    select: { id: true, dailyLimitCount: true },\n  })\n]);\nif (transactionTypeCode != \"1001\") {\n  await addInitialBalance(sender, 5000);\n}\nconst verifiedTokenPin = generateVerifyPinToken(transactionTypeCode, userId.id, userId.phone, \"USER\");\nawait redisClient.HSET(`token:${userId.phone}`, \"token\", verifiedTokenPin);\nconst dailyLimitCount = Number(typeId.dailyLimitCount);\nconst transactionPromises = [];\nfor (let i = 0; i < dailyLimitCount; i++) {\n  const transaction = await prismaAccounting.transaction.create({\n    data: {\n      fromAccountId: (\n        await prismaAccounting.userAccount.findUnique({\n          where: { identifier: sender.identifier },\n        })\n      ).id,\n      toAccountId: (\n        await prismaAccounting.userAccount.findUnique({\n          where: { identifier: receiver.identifier },\n        })\n      ).id,\n      transactionTypeId: typeId.id,\n      amount: 100,\n      referenceNo: `Transaction ${i + 1}`,\n      note: `Test transaction ${i + 1}`,\n    },\n  });\n  await prismaAccounting.ledger.create({\n    data: {\n      accountId: (\n        await prismaAccounting.userAccount.findUnique({\n          where: { identifier: sender.identifier },\n        })\n      ).id,\n      transactionId: transaction.id,\n      amount: 100,\n      description: `Ledger entry for transaction ${i + 1}`,\n      type: \"DEBIT\",\n    },\n  });\n  await prismaAccounting.ledger.create({\n    data: {\n      accountId: (\n        await prismaAccounting.userAccount.findUnique({\n          where: { identifier: receiver.identifier },\n        })\n      ).id,\n      transactionId: transaction.id,\n      amount: 100,\n      description: `Ledger entry for transaction ${i + 1}`,\n      type: \"CREDIT\",\n    },\n  });\n}\nawait Promise.all(transactionPromises);\nawait pactum\n  .spec()\n  .withMethod(\"POST\")\n  .withBearerToken(token)\n  .withPath(`${baseUrl}${endpoint}`)\n  .withJson({\n    ...requestBody,\n    verifiedTokenPin,\n  })\n  .expectStatus(400);\nif (transactionTypeCode != \"1002\") {\n  const [apiTable] = await Promise.all([\n    await database[0].findMany({\n      where: {\n        userId: await prismaAuth.appUser.findFirst({\n          where: {\n            phone: sender.identifier,\n          }, select: { id: true, phone: true },\n        })\n      }.id,\n    })\n  ]);\n  expect(apiTable[0].status).to.equal(\"TODO\");\n}",
              "err": {},
              "uuid": "b24df78e-531f-4ff6-8d20-3168558faabf",
              "parentUUID": "b7082267-573c-4d3a-952d-a6528fcb1833",
              "isHook": false,
              "skipped": false
            },
            {
              "title": "should return 400 if the weekly transaction amount is greater than weekly limit amount of the transaction type",
              "fullTitle": "Do Transaction API Check (POST) - Type: 1005 should return 400 if the weekly transaction amount is greater than weekly limit amount of the transaction type",
              "timedOut": false,
              "duration": 61,
              "state": "passed",
              "speed": "medium",
              "pass": true,
              "fail": false,
              "pending": false,
              "context": null,
              "code": "const [userId, typeId] = await Promise.all([\n  prismaAuth.appUser.findFirst({\n    where: { phone: \"01317577237\" },\n    select: { id: true, phone: true },\n  }),\n  prismaAccounting.transactionType.findFirst({\n    where: { transactionCode: transactionTypeCode },\n    select: { id: true, weeklyLimitAmount: true },\n  }),\n]);\nif (transactionTypeCode != \"1001\") {\n  await addInitialBalance(sender, 500000);\n}\nconst verifiedTokenPin = generateVerifyPinToken(transactionTypeCode, userId.id, userId.phone, \"USER\");\nawait redisClient.HSET(`token:${userId.phone}`, \"token\", verifiedTokenPin);\nconst weeklyLimitAmountType = Number(typeId.weeklyLimitAmount);\nconst transactionPromises = [];\nfor (let i = 0; i < weeklyLimitAmountType / 100; i++) {\n  const transaction = await prismaAccounting.transaction.create({\n    data: {\n      fromAccountId: (\n        await prismaAccounting.userAccount.findUnique({\n          where: { identifier: sender.identifier },\n        })\n      ).id,\n      toAccountId: (\n        await prismaAccounting.userAccount.findUnique({\n          where: { identifier: receiver.identifier },\n        })\n      ).id,\n      transactionTypeId: typeId.id,\n      amount: 100,\n      referenceNo: `Transaction ${i + 1}`,\n      note: `Test transaction ${i + 1}`,\n    },\n  });\n  await prismaAccounting.ledger.create({\n    data: {\n      accountId: (\n        await prismaAccounting.userAccount.findUnique({\n          where: { identifier: sender.identifier },\n        })\n      ).id,\n      transactionId: transaction.id,\n      amount: 100,\n      description: `Ledger entry for transaction ${i + 1}`,\n      type: \"DEBIT\",\n    },\n  });\n  await prismaAccounting.ledger.create({\n    data: {\n      accountId: (\n        await prismaAccounting.userAccount.findUnique({\n          where: { identifier: receiver.identifier },\n        })\n      ).id,\n      transactionId: transaction.id,\n      amount: 100,\n      description: `Ledger entry for transaction ${i + 1}`,\n      type: \"CREDIT\",\n    },\n  });\n}\nawait Promise.all(transactionPromises);\nawait pactum\n  .spec()\n  .withMethod(\"POST\")\n  .withBearerToken(token)\n  .withPath(`${baseUrl}${endpoint}`)\n  .withJson({\n    ...requestBody,\n    verifiedTokenPin: verifiedTokenPin,\n  })\n  .expectStatus(400);\nif (transactionTypeCode != \"1002\") {\n  const [apiTable] = await Promise.all([\n    await database[0].findMany({\n      where: {\n        userId: await prismaAuth.appUser.findFirst({\n          where: {\n            phone: sender.identifier,\n          }, select: { id: true, phone: true },\n        })\n      }.id,\n    })\n  ]);\n  expect(apiTable[0].status).to.equal(\"TODO\");\n}",
              "err": {},
              "uuid": "bb7a9536-61a4-4ff3-bdad-eab2710dca59",
              "parentUUID": "b7082267-573c-4d3a-952d-a6528fcb1833",
              "isHook": false,
              "skipped": false
            },
            {
              "title": "should return 400 if the weekly transaction count is greater than weekly limit count of the transaction type",
              "fullTitle": "Do Transaction API Check (POST) - Type: 1005 should return 400 if the weekly transaction count is greater than weekly limit count of the transaction type",
              "timedOut": false,
              "duration": 98,
              "state": "passed",
              "speed": "slow",
              "pass": true,
              "fail": false,
              "pending": false,
              "context": null,
              "code": "const [userId, typeId] = await Promise.all([\n  prismaAuth.appUser.findFirst({\n    where: { phone: \"01317577237\" },\n    select: { id: true, phone: true },\n  }),\n  prismaAccounting.transactionType.findFirst({\n    where: { transactionCode: transactionTypeCode },\n    select: { id: true, weeklyLimitCount: true },\n  })\n]);\nif (transactionTypeCode != \"1001\") {\n  await addInitialBalance(sender, 500000);\n}\nconst verifiedTokenPin = generateVerifyPinToken(transactionTypeCode, userId.id, userId.phone, \"USER\");\nawait redisClient.HSET(`token:${userId.phone}`, \"token\", verifiedTokenPin);\nconst weeklyLimitCountType = Number(typeId.weeklyLimitCount);\nconst batchSize = 5;\nfor (let i = 0; i < weeklyLimitCountType; i += batchSize) {\n  const batchPromises = [];\n  const end = Math.min(i + batchSize, weeklyLimitCountType);\n  for (let j = i; j < end; j++) {\n    const promise = prismaAccounting.transaction.create({\n      data: {\n        fromAccountId: (await prismaAccounting.userAccount.findUnique({\n          where: { identifier: sender.identifier },\n        })).id,\n        toAccountId: (await prismaAccounting.userAccount.findUnique({\n          where: { identifier: receiver.identifier },\n        })).id,\n        transactionTypeId: typeId.id,\n        amount: 100,\n        referenceNo: `Transaction ${j + 1}`,\n        note: `Test transaction ${j + 1}`,\n      },\n    }).then(async transaction => {\n      return Promise.all([\n        prismaAccounting.ledger.create({\n          data: {\n            accountId: (await prismaAccounting.userAccount.findUnique({\n              where: { identifier: sender.identifier },\n            })).id,\n            transactionId: transaction.id,\n            amount: 100,\n            description: `Ledger entry for transaction ${j + 1}`,\n            type: \"DEBIT\",\n          },\n        }),\n        prismaAccounting.ledger.create({\n          data: {\n            accountId: (await prismaAccounting.userAccount.findUnique({\n              where: { identifier: receiver.identifier },\n            })).id,\n            transactionId: transaction.id,\n            amount: 100,\n            description: `Ledger entry for transaction ${j + 1}`,\n            type: \"CREDIT\",\n          },\n        })\n      ]);\n    });\n    batchPromises.push(promise);\n  }\n  await Promise.all(batchPromises);\n}\nawait pactum\n  .spec()\n  .withMethod(\"POST\")\n  .withBearerToken(token)\n  .withPath(`${baseUrl}${endpoint}`)\n  .withJson({\n    ...requestBody,\n    verifiedTokenPin: verifiedTokenPin,\n  })\n  .expectStatus(400);\nif (transactionTypeCode != \"1002\") {\n  const senderUser = await prismaAuth.appUser.findFirst({\n    where: { phone: sender.identifier },\n    select: { id: true }\n  });\n  const [apiTable] = await  database[0].findMany({\n      where: {\n        userId: await prismaAuth.appUser.findFirst({\n          where: {\n            phone: sender.identifier,\n          }, select: { id: true, phone: true },\n        })\n      }.id,\n    })\n  expect(apiTable.status).to.equal(\"TODO\");\n}",
              "err": {},
              "uuid": "e99deb98-9774-4af4-8ddb-16fdc0c66a73",
              "parentUUID": "b7082267-573c-4d3a-952d-a6528fcb1833",
              "isHook": false,
              "skipped": false
            },
            {
              "title": "should return 400 if the monthly transaction count is greater than monthly limit count of the transaction type",
              "fullTitle": "Do Transaction API Check (POST) - Type: 1005 should return 400 if the monthly transaction count is greater than monthly limit count of the transaction type",
              "timedOut": false,
              "duration": 243,
              "state": "passed",
              "speed": "slow",
              "pass": true,
              "fail": false,
              "pending": false,
              "context": null,
              "code": "const [userId, typeId] = await Promise.all([\n  prismaAuth.appUser.findFirst({\n    where: { phone: \"01317577237\" },\n    select: { id: true, phone: true },\n  }),\n  prismaAccounting.transactionType.findFirst({\n    where: { transactionCode: transactionTypeCode },\n  })\n]);\nconst monthlyLimitCountType = Number(typeId.monthlyLimitCount);\nconst verifiedTokenPin = generateVerifyPinToken(transactionTypeCode, userId.id, userId.phone, \"USER\");\nawait redisClient.HSET(`token:${userId.phone}`, \"token\", verifiedTokenPin);\nfor (let i = 0; i < monthlyLimitCountType; i++) {\n  const transaction = await prismaAccounting.transaction.create({\n    data: {\n      fromAccountId: (\n        await prismaAccounting.userAccount.findUnique({\n          where: { identifier: sender.identifier },\n        })\n      ).id,\n      toAccountId: (\n        await prismaAccounting.userAccount.findUnique({\n          where: { identifier: receiver.identifier },\n        })\n      ).id,\n      transactionTypeId: typeId.id,\n      amount: 100,\n      referenceNo: `Transaction ${i + 1}`,\n      note: `Test transaction ${i + 1}`,\n    },\n  });\n  await prismaAccounting.ledger.create({\n    data: {\n      accountId: (\n        await prismaAccounting.userAccount.findUnique({\n          where: { identifier: sender.identifier },\n        })\n      ).id,\n      transactionId: transaction.id,\n      amount: 100,\n      description: `Ledger entry for transaction ${i + 1}`,\n      type: \"DEBIT\",\n    },\n  });\n  await prismaAccounting.ledger.create({\n    data: {\n      accountId: (\n        await prismaAccounting.userAccount.findUnique({\n          where: { identifier: receiver.identifier },\n        })\n      ).id,\n      transactionId: transaction.id,\n      amount: 100,\n      description: `Ledger entry for transaction ${i + 1}`,\n      type: \"CREDIT\",\n    },\n  });\n}\nif (transactionTypeCode != \"1001\") {\n  await addInitialBalance(sender, 500000);\n}\nawait pactum\n  .spec()\n  .withMethod(\"POST\")\n  .withBearerToken(token)\n  .withPath(`${baseUrl}${endpoint}`)\n  .withJson({\n    ...requestBody,\n    verifiedTokenPin: verifiedTokenPin,\n  })\n  .expectStatus(400);\nif (transactionTypeCode != \"1002\") {\n  const [apiTable] = await Promise.all([\n    await database[0].findMany({\n      where: {\n        userId: await prismaAuth.appUser.findFirst({\n          where: {\n            phone: sender.identifier,\n          }, select: { id: true, phone: true },\n        })\n      }.id,\n    })\n  ]);\n  expect(apiTable[0].status).to.equal(\"TODO\");\n}",
              "err": {},
              "uuid": "105464a1-99de-4f3c-b7e2-ba8a72aaea8a",
              "parentUUID": "b7082267-573c-4d3a-952d-a6528fcb1833",
              "isHook": false,
              "skipped": false
            }
          ],
          "suites": [],
          "passes": [
            "f76b5af4-81ce-44c5-bbbc-cc6b5e786f4e",
            "7f8cbc50-b447-495b-a07f-b036c7d02504",
            "ca660b90-3376-4689-8f7e-3e330fbd498a",
            "106645c5-007e-4c8e-a6a7-149ce1ae46ff",
            "da6ad3f2-ac79-4c54-9229-c014e3e9579c",
            "c634cd04-174a-413c-ad27-5cc160b88e29",
            "b24df78e-531f-4ff6-8d20-3168558faabf",
            "bb7a9536-61a4-4ff3-bdad-eab2710dca59",
            "e99deb98-9774-4af4-8ddb-16fdc0c66a73",
            "105464a1-99de-4f3c-b7e2-ba8a72aaea8a"
          ],
          "failures": [
            "1b50c78f-ddd4-412c-b585-317af4f02636",
            "37d5cb28-b934-49fe-83d0-6e11241d4c03",
            "76dbf3e1-cfbf-42b7-b7a2-56b15b74949e",
            "1fafd933-e2f5-4e20-a80a-3bbb117e2f57",
            "16b80036-7f92-4039-b09b-0dc2d9025b42",
            "283391f5-5296-43b9-ba4f-63f5d2a1411b",
            "fe4f87eb-6dd6-40e3-a924-27702dc09916"
          ],
          "pending": [],
          "skipped": [],
          "duration": 16544,
          "root": false,
          "rootEmpty": false,
          "_timeout": 2000
        }
      ],
      "passes": [],
      "failures": [],
      "pending": [],
      "skipped": [],
      "duration": 0,
      "root": true,
      "rootEmpty": true,
      "_timeout": 2000
    }
  ],
  "meta": {
    "mocha": {
      "version": "10.8.2"
    },
    "mochawesome": {
      "options": {
        "quiet": false,
        "reportFilename": "mochawesome",
        "saveHtml": true,
        "saveJson": true,
        "consoleReporter": "spec",
        "useInlineDiffs": false,
        "code": true
      },
      "version": "7.1.3"
    },
    "marge": {
      "options": null,
      "version": "6.2.0"
    }
  }
}